1: package io;
2: 
3: import java.io.BufferedReader;
4: import java.io.IOException;
5: import java.io.PrintWriter;
6: import java.io.StringReader;
7: 
8: public class FileOutputShortcut {
9: 	
10: 	static String file = "G:/10TomCat/apache-tomcat-8.5.31/webapps/ThinkInJavaTest/src/io/FileOutputShortcut.out";
11: 	public static void main(String[] args) throws IOException {
12: 		BufferedReader in = new BufferedReader(
13: 				new StringReader(
14: 						BufferedInputFile.read("G:/10TomCat/apache-tomcat-8.5.31/webapps/ThinkInJavaTest/src/io/FileOutputShortcut.java")));
15: 		PrintWriter out = new PrintWriter(file);
16: 		int lineCount = 1;
17: 		String s;
18: 		while((s = in.readLine()) != null)
19: 			out.println(lineCount++ + ": " + s);
20: 		out.close();
21: 		//System.out.println(BufferedInputFile.read(file));
22: 				
23: 	}
24: }
